

Started GET "/" for 127.0.0.1 at 2014-08-30 22:06:36 -0400
  [1m[36mActiveRecord::SchemaMigration Load (0.2ms)[0m  [1mSELECT "schema_migrations".* FROM "schema_migrations"[0m
Processing by TopicsController#index as HTML
  [1m[35mUser Load (0.3ms)[0m  SELECT  "users".* FROM "users"  LIMIT 1
  [1m[36mTopic Load (0.3ms)[0m  [1mSELECT "topics".* FROM "topics"   ORDER BY "topics"."created_at" DESC[0m
  [1m[35mUser Load (0.4ms)[0m  SELECT  "users".* FROM "users"  WHERE "users"."id" = ? LIMIT 1  [["id", 11]]
  [1m[36m (0.1ms)[0m  [1mSELECT COUNT(*) FROM "scores"  WHERE "scores"."topic_id" = ?[0m  [["topic_id", 11]]
  [1m[35mComment Load (0.2ms)[0m  SELECT "comments".* FROM "comments"  WHERE "comments"."topic_id" = ?  [["topic_id", 11]]
  [1m[36mTag Load (0.3ms)[0m  [1mSELECT "tags".* FROM "tags" INNER JOIN "tagations" ON "tags"."id" = "tagations"."tag_id" WHERE "tagations"."tagable_id" = ? AND "tagations"."tagable_type" = ?[0m  [["tagable_id", 11], ["tagable_type", "Topic"]]
  [1m[35mUser Load (0.1ms)[0m  SELECT  "users".* FROM "users"  WHERE "users"."id" = ? LIMIT 1  [["id", 2]]
  [1m[36m (0.1ms)[0m  [1mSELECT COUNT(*) FROM "scores"  WHERE "scores"."topic_id" = ?[0m  [["topic_id", 10]]
  [1m[35mComment Load (0.1ms)[0m  SELECT "comments".* FROM "comments"  WHERE "comments"."topic_id" = ?  [["topic_id", 10]]
  [1m[36mTag Load (0.2ms)[0m  [1mSELECT "tags".* FROM "tags" INNER JOIN "tagations" ON "tags"."id" = "tagations"."tag_id" WHERE "tagations"."tagable_id" = ? AND "tagations"."tagable_type" = ?[0m  [["tagable_id", 10], ["tagable_type", "Topic"]]
  [1m[35mTag Load (0.1ms)[0m  SELECT "tags".* FROM "tags" INNER JOIN "tagations" ON "tags"."id" = "tagations"."tag_id" WHERE "tagations"."tagable_id" = ? AND "tagations"."tagable_type" = ?  [["tagable_id", 4], ["tagable_type", "Comment"]]
  [1m[36mTag Load (0.1ms)[0m  [1mSELECT "tags".* FROM "tags" INNER JOIN "tagations" ON "tags"."id" = "tagations"."tag_id" WHERE "tagations"."tagable_id" = ? AND "tagations"."tagable_type" = ?[0m  [["tagable_id", 6], ["tagable_type", "Comment"]]
  [1m[35mTag Load (0.1ms)[0m  SELECT "tags".* FROM "tags" INNER JOIN "tagations" ON "tags"."id" = "tagations"."tag_id" WHERE "tagations"."tagable_id" = ? AND "tagations"."tagable_type" = ?  [["tagable_id", 9], ["tagable_type", "Comment"]]
  [1m[36mUser Load (0.2ms)[0m  [1mSELECT  "users".* FROM "users"  WHERE "users"."id" = ? LIMIT 1[0m  [["id", 8]]
  [1m[35m (0.2ms)[0m  SELECT COUNT(*) FROM "scores"  WHERE "scores"."topic_id" = ?  [["topic_id", 9]]
  [1m[36mComment Load (0.1ms)[0m  [1mSELECT "comments".* FROM "comments"  WHERE "comments"."topic_id" = ?[0m  [["topic_id", 9]]
  [1m[35mTag Load (0.2ms)[0m  SELECT "tags".* FROM "tags" INNER JOIN "tagations" ON "tags"."id" = "tagations"."tag_id" WHERE "tagations"."tagable_id" = ? AND "tagations"."tagable_type" = ?  [["tagable_id", 9], ["tagable_type", "Topic"]]
  [1m[36mTag Load (0.1ms)[0m  [1mSELECT "tags".* FROM "tags" INNER JOIN "tagations" ON "tags"."id" = "tagations"."tag_id" WHERE "tagations"."tagable_id" = ? AND "tagations"."tagable_type" = ?[0m  [["tagable_id", 8], ["tagable_type", "Comment"]]
  [1m[35mUser Load (0.1ms)[0m  SELECT  "users".* FROM "users"  WHERE "users"."id" = ? LIMIT 1  [["id", 1]]
  [1m[36m (0.1ms)[0m  [1mSELECT COUNT(*) FROM "scores"  WHERE "scores"."topic_id" = ?[0m  [["topic_id", 8]]
  [1m[35mComment Load (0.1ms)[0m  SELECT "comments".* FROM "comments"  WHERE "comments"."topic_id" = ?  [["topic_id", 8]]
  [1m[36mTag Load (0.1ms)[0m  [1mSELECT "tags".* FROM "tags" INNER JOIN "tagations" ON "tags"."id" = "tagations"."tag_id" WHERE "tagations"."tagable_id" = ? AND "tagations"."tagable_type" = ?[0m  [["tagable_id", 8], ["tagable_type", "Topic"]]
  [1m[35mTag Load (0.2ms)[0m  SELECT "tags".* FROM "tags" INNER JOIN "tagations" ON "tags"."id" = "tagations"."tag_id" WHERE "tagations"."tagable_id" = ? AND "tagations"."tagable_type" = ?  [["tagable_id", 3], ["tagable_type", "Comment"]]
  [1m[36mTag Load (0.1ms)[0m  [1mSELECT "tags".* FROM "tags" INNER JOIN "tagations" ON "tags"."id" = "tagations"."tag_id" WHERE "tagations"."tagable_id" = ? AND "tagations"."tagable_type" = ?[0m  [["tagable_id", 7], ["tagable_type", "Comment"]]
  [1m[35mUser Load (0.1ms)[0m  SELECT  "users".* FROM "users"  WHERE "users"."id" = ? LIMIT 1  [["id", 3]]
  [1m[36m (0.1ms)[0m  [1mSELECT COUNT(*) FROM "scores"  WHERE "scores"."topic_id" = ?[0m  [["topic_id", 7]]
  [1m[35mComment Load (0.1ms)[0m  SELECT "comments".* FROM "comments"  WHERE "comments"."topic_id" = ?  [["topic_id", 7]]
  [1m[36mTag Load (0.1ms)[0m  [1mSELECT "tags".* FROM "tags" INNER JOIN "tagations" ON "tags"."id" = "tagations"."tag_id" WHERE "tagations"."tagable_id" = ? AND "tagations"."tagable_type" = ?[0m  [["tagable_id", 7], ["tagable_type", "Topic"]]
  [1m[35mCACHE (0.0ms)[0m  SELECT  "users".* FROM "users"  WHERE "users"."id" = ? LIMIT 1  [["id", 3]]
  [1m[36m (0.1ms)[0m  [1mSELECT COUNT(*) FROM "scores"  WHERE "scores"."topic_id" = ?[0m  [["topic_id", 6]]
  [1m[35mComment Load (0.1ms)[0m  SELECT "comments".* FROM "comments"  WHERE "comments"."topic_id" = ?  [["topic_id", 6]]
  [1m[36mTag Load (0.2ms)[0m  [1mSELECT "tags".* FROM "tags" INNER JOIN "tagations" ON "tags"."id" = "tagations"."tag_id" WHERE "tagations"."tagable_id" = ? AND "tagations"."tagable_type" = ?[0m  [["tagable_id", 6], ["tagable_type", "Topic"]]
  [1m[35mTag Load (0.1ms)[0m  SELECT "tags".* FROM "tags" INNER JOIN "tagations" ON "tags"."id" = "tagations"."tag_id" WHERE "tagations"."tagable_id" = ? AND "tagations"."tagable_type" = ?  [["tagable_id", 5], ["tagable_type", "Comment"]]
  [1m[36mUser Load (0.1ms)[0m  [1mSELECT  "users".* FROM "users"  WHERE "users"."id" = ? LIMIT 1[0m  [["id", 4]]
  [1m[35m (0.1ms)[0m  SELECT COUNT(*) FROM "scores"  WHERE "scores"."topic_id" = ?  [["topic_id", 5]]
  [1m[36mComment Load (0.1ms)[0m  [1mSELECT "comments".* FROM "comments"  WHERE "comments"."topic_id" = ?[0m  [["topic_id", 5]]
  [1m[35mTag Load (0.2ms)[0m  SELECT "tags".* FROM "tags" INNER JOIN "tagations" ON "tags"."id" = "tagations"."tag_id" WHERE "tagations"."tagable_id" = ? AND "tagations"."tagable_type" = ?  [["tagable_id", 5], ["tagable_type", "Topic"]]
  [1m[36mTag Load (0.1ms)[0m  [1mSELECT "tags".* FROM "tags" INNER JOIN "tagations" ON "tags"."id" = "tagations"."tag_id" WHERE "tagations"."tagable_id" = ? AND "tagations"."tagable_type" = ?[0m  [["tagable_id", 1], ["tagable_type", "Comment"]]
  [1m[35mUser Load (0.1ms)[0m  SELECT  "users".* FROM "users"  WHERE "users"."id" = ? LIMIT 1  [["id", 5]]
  [1m[36m (0.2ms)[0m  [1mSELECT COUNT(*) FROM "scores"  WHERE "scores"."topic_id" = ?[0m  [["topic_id", 4]]
  [1m[35mComment Load (0.1ms)[0m  SELECT "comments".* FROM "comments"  WHERE "comments"."topic_id" = ?  [["topic_id", 4]]
  [1m[36mTag Load (0.1ms)[0m  [1mSELECT "tags".* FROM "tags" INNER JOIN "tagations" ON "tags"."id" = "tagations"."tag_id" WHERE "tagations"."tagable_id" = ? AND "tagations"."tagable_type" = ?[0m  [["tagable_id", 4], ["tagable_type", "Topic"]]
  [1m[35mTag Load (0.1ms)[0m  SELECT "tags".* FROM "tags" INNER JOIN "tagations" ON "tags"."id" = "tagations"."tag_id" WHERE "tagations"."tagable_id" = ? AND "tagations"."tagable_type" = ?  [["tagable_id", 10], ["tagable_type", "Comment"]]
  [1m[36mCACHE (0.0ms)[0m  [1mSELECT  "users".* FROM "users"  WHERE "users"."id" = ? LIMIT 1[0m  [["id", 8]]
  [1m[35m (0.2ms)[0m  SELECT COUNT(*) FROM "scores"  WHERE "scores"."topic_id" = ?  [["topic_id", 3]]
  [1m[36mComment Load (0.2ms)[0m  [1mSELECT "comments".* FROM "comments"  WHERE "comments"."topic_id" = ?[0m  [["topic_id", 3]]
  [1m[35mTag Load (0.3ms)[0m  SELECT "tags".* FROM "tags" INNER JOIN "tagations" ON "tags"."id" = "tagations"."tag_id" WHERE "tagations"."tagable_id" = ? AND "tagations"."tagable_type" = ?  [["tagable_id", 3], ["tagable_type", "Topic"]]
  [1m[36mCACHE (0.0ms)[0m  [1mSELECT  "users".* FROM "users"  WHERE "users"."id" = ? LIMIT 1[0m  [["id", 8]]
  [1m[35m (0.2ms)[0m  SELECT COUNT(*) FROM "scores"  WHERE "scores"."topic_id" = ?  [["topic_id", 2]]
  [1m[36mComment Load (0.2ms)[0m  [1mSELECT "comments".* FROM "comments"  WHERE "comments"."topic_id" = ?[0m  [["topic_id", 2]]
  [1m[35mTag Load (0.2ms)[0m  SELECT "tags".* FROM "tags" INNER JOIN "tagations" ON "tags"."id" = "tagations"."tag_id" WHERE "tagations"."tagable_id" = ? AND "tagations"."tagable_type" = ?  [["tagable_id", 2], ["tagable_type", "Topic"]]
  [1m[36mUser Load (0.3ms)[0m  [1mSELECT  "users".* FROM "users"  WHERE "users"."id" = ? LIMIT 1[0m  [["id", 6]]
  [1m[35m (0.1ms)[0m  SELECT COUNT(*) FROM "scores"  WHERE "scores"."topic_id" = ?  [["topic_id", 1]]
  [1m[36mComment Load (0.2ms)[0m  [1mSELECT "comments".* FROM "comments"  WHERE "comments"."topic_id" = ?[0m  [["topic_id", 1]]
  [1m[35mTag Load (2.1ms)[0m  SELECT "tags".* FROM "tags" INNER JOIN "tagations" ON "tags"."id" = "tagations"."tag_id" WHERE "tagations"."tagable_id" = ? AND "tagations"."tagable_type" = ?  [["tagable_id", 1], ["tagable_type", "Topic"]]
  [1m[36mTag Load (0.2ms)[0m  [1mSELECT "tags".* FROM "tags" INNER JOIN "tagations" ON "tags"."id" = "tagations"."tag_id" WHERE "tagations"."tagable_id" = ? AND "tagations"."tagable_type" = ?[0m  [["tagable_id", 2], ["tagable_type", "Comment"]]
  Rendered topics/index.html.erb within layouts/application (843.3ms)
Completed 200 OK in 1011ms (Views: 947.7ms | ActiveRecord: 12.8ms)


Started GET "/assets/application.css?body=1" for 127.0.0.1 at 2014-08-30 22:06:37 -0400


Started GET "/assets/topic.css?body=1" for 127.0.0.1 at 2014-08-30 22:06:37 -0400


Started GET "/assets/jquery_ujs.js?body=1" for 127.0.0.1 at 2014-08-30 22:06:37 -0400


Started GET "/assets/application.js?body=1" for 127.0.0.1 at 2014-08-30 22:06:37 -0400


Started GET "/assets/topic.js?body=1" for 127.0.0.1 at 2014-08-30 22:06:37 -0400


Started GET "/assets/jquery.js?body=1" for 127.0.0.1 at 2014-08-30 22:06:37 -0400


Started GET "/assets/turbolinks.js?body=1" for 127.0.0.1 at 2014-08-30 22:06:37 -0400


Started GET "/" for 127.0.0.1 at 2014-08-30 22:08:20 -0400
Processing by TopicsController#index as HTML
  [1m[35mUser Load (0.2ms)[0m  SELECT  "users".* FROM "users"  LIMIT 1
  [1m[36mTopic Load (0.2ms)[0m  [1mSELECT "topics".* FROM "topics"   ORDER BY "topics"."created_at" DESC[0m
  [1m[35mUser Load (0.1ms)[0m  SELECT  "users".* FROM "users"  WHERE "users"."id" = ? LIMIT 1  [["id", 11]]
  [1m[36m (0.1ms)[0m  [1mSELECT COUNT(*) FROM "scores"  WHERE "scores"."topic_id" = ?[0m  [["topic_id", 11]]
  [1m[35mComment Load (0.1ms)[0m  SELECT "comments".* FROM "comments"  WHERE "comments"."topic_id" = ?  [["topic_id", 11]]
  [1m[36mTag Load (0.2ms)[0m  [1mSELECT "tags".* FROM "tags" INNER JOIN "tagations" ON "tags"."id" = "tagations"."tag_id" WHERE "tagations"."tagable_id" = ? AND "tagations"."tagable_type" = ?[0m  [["tagable_id", 11], ["tagable_type", "Topic"]]
  [1m[35mUser Load (0.3ms)[0m  SELECT  "users".* FROM "users"  WHERE "users"."id" = ? LIMIT 1  [["id", 2]]
  [1m[36m (0.2ms)[0m  [1mSELECT COUNT(*) FROM "scores"  WHERE "scores"."topic_id" = ?[0m  [["topic_id", 10]]
  [1m[35mComment Load (0.5ms)[0m  SELECT "comments".* FROM "comments"  WHERE "comments"."topic_id" = ?  [["topic_id", 10]]
  [1m[36mTag Load (0.4ms)[0m  [1mSELECT "tags".* FROM "tags" INNER JOIN "tagations" ON "tags"."id" = "tagations"."tag_id" WHERE "tagations"."tagable_id" = ? AND "tagations"."tagable_type" = ?[0m  [["tagable_id", 10], ["tagable_type", "Topic"]]
  [1m[35mTag Load (0.1ms)[0m  SELECT "tags".* FROM "tags" INNER JOIN "tagations" ON "tags"."id" = "tagations"."tag_id" WHERE "tagations"."tagable_id" = ? AND "tagations"."tagable_type" = ?  [["tagable_id", 4], ["tagable_type", "Comment"]]
  [1m[36mTag Load (0.1ms)[0m  [1mSELECT "tags".* FROM "tags" INNER JOIN "tagations" ON "tags"."id" = "tagations"."tag_id" WHERE "tagations"."tagable_id" = ? AND "tagations"."tagable_type" = ?[0m  [["tagable_id", 6], ["tagable_type", "Comment"]]
  [1m[35mTag Load (0.1ms)[0m  SELECT "tags".* FROM "tags" INNER JOIN "tagations" ON "tags"."id" = "tagations"."tag_id" WHERE "tagations"."tagable_id" = ? AND "tagations"."tagable_type" = ?  [["tagable_id", 9], ["tagable_type", "Comment"]]
  [1m[36mUser Load (0.1ms)[0m  [1mSELECT  "users".* FROM "users"  WHERE "users"."id" = ? LIMIT 1[0m  [["id", 8]]
  [1m[35m (0.1ms)[0m  SELECT COUNT(*) FROM "scores"  WHERE "scores"."topic_id" = ?  [["topic_id", 9]]
  [1m[36mComment Load (0.1ms)[0m  [1mSELECT "comments".* FROM "comments"  WHERE "comments"."topic_id" = ?[0m  [["topic_id", 9]]
  [1m[35mTag Load (0.1ms)[0m  SELECT "tags".* FROM "tags" INNER JOIN "tagations" ON "tags"."id" = "tagations"."tag_id" WHERE "tagations"."tagable_id" = ? AND "tagations"."tagable_type" = ?  [["tagable_id", 9], ["tagable_type", "Topic"]]
  [1m[36mTag Load (0.1ms)[0m  [1mSELECT "tags".* FROM "tags" INNER JOIN "tagations" ON "tags"."id" = "tagations"."tag_id" WHERE "tagations"."tagable_id" = ? AND "tagations"."tagable_type" = ?[0m  [["tagable_id", 8], ["tagable_type", "Comment"]]
  [1m[35mUser Load (0.1ms)[0m  SELECT  "users".* FROM "users"  WHERE "users"."id" = ? LIMIT 1  [["id", 1]]
  [1m[36m (0.1ms)[0m  [1mSELECT COUNT(*) FROM "scores"  WHERE "scores"."topic_id" = ?[0m  [["topic_id", 8]]
  [1m[35mComment Load (0.1ms)[0m  SELECT "comments".* FROM "comments"  WHERE "comments"."topic_id" = ?  [["topic_id", 8]]
  [1m[36mTag Load (0.1ms)[0m  [1mSELECT "tags".* FROM "tags" INNER JOIN "tagations" ON "tags"."id" = "tagations"."tag_id" WHERE "tagations"."tagable_id" = ? AND "tagations"."tagable_type" = ?[0m  [["tagable_id", 8], ["tagable_type", "Topic"]]
  [1m[35mTag Load (0.1ms)[0m  SELECT "tags".* FROM "tags" INNER JOIN "tagations" ON "tags"."id" = "tagations"."tag_id" WHERE "tagations"."tagable_id" = ? AND "tagations"."tagable_type" = ?  [["tagable_id", 3], ["tagable_type", "Comment"]]
  [1m[36mTag Load (0.1ms)[0m  [1mSELECT "tags".* FROM "tags" INNER JOIN "tagations" ON "tags"."id" = "tagations"."tag_id" WHERE "tagations"."tagable_id" = ? AND "tagations"."tagable_type" = ?[0m  [["tagable_id", 7], ["tagable_type", "Comment"]]
  [1m[35mUser Load (0.1ms)[0m  SELECT  "users".* FROM "users"  WHERE "users"."id" = ? LIMIT 1  [["id", 3]]
  [1m[36m (0.2ms)[0m  [1mSELECT COUNT(*) FROM "scores"  WHERE "scores"."topic_id" = ?[0m  [["topic_id", 7]]
  [1m[35mComment Load (0.1ms)[0m  SELECT "comments".* FROM "comments"  WHERE "comments"."topic_id" = ?  [["topic_id", 7]]
  [1m[36mTag Load (0.1ms)[0m  [1mSELECT "tags".* FROM "tags" INNER JOIN "tagations" ON "tags"."id" = "tagations"."tag_id" WHERE "tagations"."tagable_id" = ? AND "tagations"."tagable_type" = ?[0m  [["tagable_id", 7], ["tagable_type", "Topic"]]
  [1m[35mCACHE (0.0ms)[0m  SELECT  "users".* FROM "users"  WHERE "users"."id" = ? LIMIT 1  [["id", 3]]
  [1m[36m (0.1ms)[0m  [1mSELECT COUNT(*) FROM "scores"  WHERE "scores"."topic_id" = ?[0m  [["topic_id", 6]]
  [1m[35mComment Load (0.2ms)[0m  SELECT "comments".* FROM "comments"  WHERE "comments"."topic_id" = ?  [["topic_id", 6]]
  [1m[36mTag Load (0.2ms)[0m  [1mSELECT "tags".* FROM "tags" INNER JOIN "tagations" ON "tags"."id" = "tagations"."tag_id" WHERE "tagations"."tagable_id" = ? AND "tagations"."tagable_type" = ?[0m  [["tagable_id", 6], ["tagable_type", "Topic"]]
  [1m[35mTag Load (0.3ms)[0m  SELECT "tags".* FROM "tags" INNER JOIN "tagations" ON "tags"."id" = "tagations"."tag_id" WHERE "tagations"."tagable_id" = ? AND "tagations"."tagable_type" = ?  [["tagable_id", 5], ["tagable_type", "Comment"]]
  [1m[36mUser Load (0.2ms)[0m  [1mSELECT  "users".* FROM "users"  WHERE "users"."id" = ? LIMIT 1[0m  [["id", 4]]
  [1m[35m (0.1ms)[0m  SELECT COUNT(*) FROM "scores"  WHERE "scores"."topic_id" = ?  [["topic_id", 5]]
  [1m[36mComment Load (0.1ms)[0m  [1mSELECT "comments".* FROM "comments"  WHERE "comments"."topic_id" = ?[0m  [["topic_id", 5]]
  [1m[35mTag Load (0.1ms)[0m  SELECT "tags".* FROM "tags" INNER JOIN "tagations" ON "tags"."id" = "tagations"."tag_id" WHERE "tagations"."tagable_id" = ? AND "tagations"."tagable_type" = ?  [["tagable_id", 5], ["tagable_type", "Topic"]]
  [1m[36mTag Load (0.1ms)[0m  [1mSELECT "tags".* FROM "tags" INNER JOIN "tagations" ON "tags"."id" = "tagations"."tag_id" WHERE "tagations"."tagable_id" = ? AND "tagations"."tagable_type" = ?[0m  [["tagable_id", 1], ["tagable_type", "Comment"]]
  [1m[35mUser Load (0.2ms)[0m  SELECT  "users".* FROM "users"  WHERE "users"."id" = ? LIMIT 1  [["id", 5]]
  [1m[36m (0.1ms)[0m  [1mSELECT COUNT(*) FROM "scores"  WHERE "scores"."topic_id" = ?[0m  [["topic_id", 4]]
  [1m[35mComment Load (0.1ms)[0m  SELECT "comments".* FROM "comments"  WHERE "comments"."topic_id" = ?  [["topic_id", 4]]
  [1m[36mTag Load (0.1ms)[0m  [1mSELECT "tags".* FROM "tags" INNER JOIN "tagations" ON "tags"."id" = "tagations"."tag_id" WHERE "tagations"."tagable_id" = ? AND "tagations"."tagable_type" = ?[0m  [["tagable_id", 4], ["tagable_type", "Topic"]]
  [1m[35mTag Load (0.1ms)[0m  SELECT "tags".* FROM "tags" INNER JOIN "tagations" ON "tags"."id" = "tagations"."tag_id" WHERE "tagations"."tagable_id" = ? AND "tagations"."tagable_type" = ?  [["tagable_id", 10], ["tagable_type", "Comment"]]
  [1m[36mCACHE (0.0ms)[0m  [1mSELECT  "users".* FROM "users"  WHERE "users"."id" = ? LIMIT 1[0m  [["id", 8]]
  [1m[35m (0.1ms)[0m  SELECT COUNT(*) FROM "scores"  WHERE "scores"."topic_id" = ?  [["topic_id", 3]]
  [1m[36mComment Load (0.1ms)[0m  [1mSELECT "comments".* FROM "comments"  WHERE "comments"."topic_id" = ?[0m  [["topic_id", 3]]
  [1m[35mTag Load (0.1ms)[0m  SELECT "tags".* FROM "tags" INNER JOIN "tagations" ON "tags"."id" = "tagations"."tag_id" WHERE "tagations"."tagable_id" = ? AND "tagations"."tagable_type" = ?  [["tagable_id", 3], ["tagable_type", "Topic"]]
  [1m[36mCACHE (0.0ms)[0m  [1mSELECT  "users".* FROM "users"  WHERE "users"."id" = ? LIMIT 1[0m  [["id", 8]]
  [1m[35m (0.1ms)[0m  SELECT COUNT(*) FROM "scores"  WHERE "scores"."topic_id" = ?  [["topic_id", 2]]
  [1m[36mComment Load (0.1ms)[0m  [1mSELECT "comments".* FROM "comments"  WHERE "comments"."topic_id" = ?[0m  [["topic_id", 2]]
  [1m[35mTag Load (0.1ms)[0m  SELECT "tags".* FROM "tags" INNER JOIN "tagations" ON "tags"."id" = "tagations"."tag_id" WHERE "tagations"."tagable_id" = ? AND "tagations"."tagable_type" = ?  [["tagable_id", 2], ["tagable_type", "Topic"]]
  [1m[36mUser Load (0.1ms)[0m  [1mSELECT  "users".* FROM "users"  WHERE "users"."id" = ? LIMIT 1[0m  [["id", 6]]
  [1m[35m (0.1ms)[0m  SELECT COUNT(*) FROM "scores"  WHERE "scores"."topic_id" = ?  [["topic_id", 1]]
  [1m[36mComment Load (0.1ms)[0m  [1mSELECT "comments".* FROM "comments"  WHERE "comments"."topic_id" = ?[0m  [["topic_id", 1]]
  [1m[35mTag Load (0.1ms)[0m  SELECT "tags".* FROM "tags" INNER JOIN "tagations" ON "tags"."id" = "tagations"."tag_id" WHERE "tagations"."tagable_id" = ? AND "tagations"."tagable_type" = ?  [["tagable_id", 1], ["tagable_type", "Topic"]]
  [1m[36mTag Load (0.1ms)[0m  [1mSELECT "tags".* FROM "tags" INNER JOIN "tagations" ON "tags"."id" = "tagations"."tag_id" WHERE "tagations"."tagable_id" = ? AND "tagations"."tagable_type" = ?[0m  [["tagable_id", 2], ["tagable_type", "Comment"]]
  Rendered topics/index.html.erb within layouts/application (129.6ms)
Completed 200 OK in 141ms (Views: 131.3ms | ActiveRecord: 7.0ms)


Started GET "/assets/jquery.js?body=1" for 127.0.0.1 at 2014-08-30 22:08:20 -0400


Started GET "/assets/jquery_ujs.js?body=1" for 127.0.0.1 at 2014-08-30 22:08:20 -0400


Started GET "/assets/application.css?body=1" for 127.0.0.1 at 2014-08-30 22:08:20 -0400


Started GET "/assets/topic.js?body=1" for 127.0.0.1 at 2014-08-30 22:08:20 -0400


Started GET "/assets/turbolinks.js?body=1" for 127.0.0.1 at 2014-08-30 22:08:20 -0400


Started GET "/assets/application.js?body=1" for 127.0.0.1 at 2014-08-30 22:08:20 -0400


Started GET "/assets/topic.css?body=1" for 127.0.0.1 at 2014-08-30 22:08:20 -0400


Started GET "/tags" for 127.0.0.1 at 2014-08-30 22:08:22 -0400
Processing by TagsController#index as HTML
  [1m[35mTag Load (0.2ms)[0m  SELECT "tags".* FROM "tags"
  Rendered tags/index.html.erb within layouts/application (3.2ms)
Completed 200 OK in 12ms (Views: 10.8ms | ActiveRecord: 0.2ms)


Started GET "/tags" for 127.0.0.1 at 2014-08-30 22:08:39 -0400
Processing by TagsController#index as HTML
  [1m[36mTag Load (0.5ms)[0m  [1mSELECT "tags".* FROM "tags"[0m
  Rendered tags/index.html.erb within layouts/application (5.1ms)
Completed 200 OK in 16ms (Views: 14.5ms | ActiveRecord: 0.5ms)


Started GET "/assets/application.css?body=1" for 127.0.0.1 at 2014-08-30 22:08:39 -0400


Started GET "/assets/jquery_ujs.js?body=1" for 127.0.0.1 at 2014-08-30 22:08:39 -0400


Started GET "/assets/topic.js?body=1" for 127.0.0.1 at 2014-08-30 22:08:39 -0400


Started GET "/assets/turbolinks.js?body=1" for 127.0.0.1 at 2014-08-30 22:08:39 -0400


Started GET "/assets/jquery.js?body=1" for 127.0.0.1 at 2014-08-30 22:08:39 -0400


Started GET "/assets/topic.css?body=1" for 127.0.0.1 at 2014-08-30 22:08:39 -0400


Started GET "/assets/application.js?body=1" for 127.0.0.1 at 2014-08-30 22:08:39 -0400


Started GET "/tags" for 127.0.0.1 at 2014-08-30 22:08:40 -0400
Processing by TagsController#index as HTML
  [1m[35mTag Load (0.2ms)[0m  SELECT "tags".* FROM "tags"
  Rendered tags/index.html.erb within layouts/application (3.8ms)
Completed 200 OK in 75ms (Views: 73.2ms | ActiveRecord: 0.2ms)


Started GET "/topics" for 127.0.0.1 at 2014-08-30 22:08:43 -0400
Processing by TopicsController#index as HTML
  [1m[36mUser Load (0.2ms)[0m  [1mSELECT  "users".* FROM "users"  LIMIT 1[0m
  [1m[35mTopic Load (2.2ms)[0m  SELECT "topics".* FROM "topics"   ORDER BY "topics"."created_at" DESC
  [1m[36mUser Load (0.1ms)[0m  [1mSELECT  "users".* FROM "users"  WHERE "users"."id" = ? LIMIT 1[0m  [["id", 11]]
  [1m[35m (0.2ms)[0m  SELECT COUNT(*) FROM "scores"  WHERE "scores"."topic_id" = ?  [["topic_id", 11]]
  [1m[36mComment Load (0.2ms)[0m  [1mSELECT "comments".* FROM "comments"  WHERE "comments"."topic_id" = ?[0m  [["topic_id", 11]]
  [1m[35mTag Load (0.1ms)[0m  SELECT "tags".* FROM "tags" INNER JOIN "tagations" ON "tags"."id" = "tagations"."tag_id" WHERE "tagations"."tagable_id" = ? AND "tagations"."tagable_type" = ?  [["tagable_id", 11], ["tagable_type", "Topic"]]
  [1m[36mUser Load (0.1ms)[0m  [1mSELECT  "users".* FROM "users"  WHERE "users"."id" = ? LIMIT 1[0m  [["id", 2]]
  [1m[35m (0.3ms)[0m  SELECT COUNT(*) FROM "scores"  WHERE "scores"."topic_id" = ?  [["topic_id", 10]]
  [1m[36mComment Load (0.1ms)[0m  [1mSELECT "comments".* FROM "comments"  WHERE "comments"."topic_id" = ?[0m  [["topic_id", 10]]
  [1m[35mTag Load (0.2ms)[0m  SELECT "tags".* FROM "tags" INNER JOIN "tagations" ON "tags"."id" = "tagations"."tag_id" WHERE "tagations"."tagable_id" = ? AND "tagations"."tagable_type" = ?  [["tagable_id", 10], ["tagable_type", "Topic"]]
  [1m[36mTag Load (0.1ms)[0m  [1mSELECT "tags".* FROM "tags" INNER JOIN "tagations" ON "tags"."id" = "tagations"."tag_id" WHERE "tagations"."tagable_id" = ? AND "tagations"."tagable_type" = ?[0m  [["tagable_id", 4], ["tagable_type", "Comment"]]
  [1m[35mTag Load (0.2ms)[0m  SELECT "tags".* FROM "tags" INNER JOIN "tagations" ON "tags"."id" = "tagations"."tag_id" WHERE "tagations"."tagable_id" = ? AND "tagations"."tagable_type" = ?  [["tagable_id", 6], ["tagable_type", "Comment"]]
  [1m[36mTag Load (0.1ms)[0m  [1mSELECT "tags".* FROM "tags" INNER JOIN "tagations" ON "tags"."id" = "tagations"."tag_id" WHERE "tagations"."tagable_id" = ? AND "tagations"."tagable_type" = ?[0m  [["tagable_id", 9], ["tagable_type", "Comment"]]
  [1m[35mUser Load (0.2ms)[0m  SELECT  "users".* FROM "users"  WHERE "users"."id" = ? LIMIT 1  [["id", 8]]
  [1m[36m (0.2ms)[0m  [1mSELECT COUNT(*) FROM "scores"  WHERE "scores"."topic_id" = ?[0m  [["topic_id", 9]]
  [1m[35mComment Load (0.2ms)[0m  SELECT "comments".* FROM "comments"  WHERE "comments"."topic_id" = ?  [["topic_id", 9]]
  [1m[36mTag Load (0.2ms)[0m  [1mSELECT "tags".* FROM "tags" INNER JOIN "tagations" ON "tags"."id" = "tagations"."tag_id" WHERE "tagations"."tagable_id" = ? AND "tagations"."tagable_type" = ?[0m  [["tagable_id", 9], ["tagable_type", "Topic"]]
  [1m[35mTag Load (0.1ms)[0m  SELECT "tags".* FROM "tags" INNER JOIN "tagations" ON "tags"."id" = "tagations"."tag_id" WHERE "tagations"."tagable_id" = ? AND "tagations"."tagable_type" = ?  [["tagable_id", 8], ["tagable_type", "Comment"]]
  [1m[36mUser Load (0.2ms)[0m  [1mSELECT  "users".* FROM "users"  WHERE "users"."id" = ? LIMIT 1[0m  [["id", 1]]
  [1m[35m (0.1ms)[0m  SELECT COUNT(*) FROM "scores"  WHERE "scores"."topic_id" = ?  [["topic_id", 8]]
  [1m[36mComment Load (0.1ms)[0m  [1mSELECT "comments".* FROM "comments"  WHERE "comments"."topic_id" = ?[0m  [["topic_id", 8]]
  [1m[35mTag Load (0.1ms)[0m  SELECT "tags".* FROM "tags" INNER JOIN "tagations" ON "tags"."id" = "tagations"."tag_id" WHERE "tagations"."tagable_id" = ? AND "tagations"."tagable_type" = ?  [["tagable_id", 8], ["tagable_type", "Topic"]]
  [1m[36mTag Load (0.1ms)[0m  [1mSELECT "tags".* FROM "tags" INNER JOIN "tagations" ON "tags"."id" = "tagations"."tag_id" WHERE "tagations"."tagable_id" = ? AND "tagations"."tagable_type" = ?[0m  [["tagable_id", 3], ["tagable_type", "Comment"]]
  [1m[35mTag Load (0.2ms)[0m  SELECT "tags".* FROM "tags" INNER JOIN "tagations" ON "tags"."id" = "tagations"."tag_id" WHERE "tagations"."tagable_id" = ? AND "tagations"."tagable_type" = ?  [["tagable_id", 7], ["tagable_type", "Comment"]]
  [1m[36mUser Load (0.1ms)[0m  [1mSELECT  "users".* FROM "users"  WHERE "users"."id" = ? LIMIT 1[0m  [["id", 3]]
  [1m[35m (0.2ms)[0m  SELECT COUNT(*) FROM "scores"  WHERE "scores"."topic_id" = ?  [["topic_id", 7]]
  [1m[36mComment Load (0.2ms)[0m  [1mSELECT "comments".* FROM "comments"  WHERE "comments"."topic_id" = ?[0m  [["topic_id", 7]]
  [1m[35mTag Load (0.2ms)[0m  SELECT "tags".* FROM "tags" INNER JOIN "tagations" ON "tags"."id" = "tagations"."tag_id" WHERE "tagations"."tagable_id" = ? AND "tagations"."tagable_type" = ?  [["tagable_id", 7], ["tagable_type", "Topic"]]
  [1m[36mCACHE (0.0ms)[0m  [1mSELECT  "users".* FROM "users"  WHERE "users"."id" = ? LIMIT 1[0m  [["id", 3]]
  [1m[35m (0.6ms)[0m  SELECT COUNT(*) FROM "scores"  WHERE "scores"."topic_id" = ?  [["topic_id", 6]]
  [1m[36mComment Load (0.8ms)[0m  [1mSELECT "comments".* FROM "comments"  WHERE "comments"."topic_id" = ?[0m  [["topic_id", 6]]
  [1m[35mTag Load (0.1ms)[0m  SELECT "tags".* FROM "tags" INNER JOIN "tagations" ON "tags"."id" = "tagations"."tag_id" WHERE "tagations"."tagable_id" = ? AND "tagations"."tagable_type" = ?  [["tagable_id", 6], ["tagable_type", "Topic"]]
  [1m[36mTag Load (0.1ms)[0m  [1mSELECT "tags".* FROM "tags" INNER JOIN "tagations" ON "tags"."id" = "tagations"."tag_id" WHERE "tagations"."tagable_id" = ? AND "tagations"."tagable_type" = ?[0m  [["tagable_id", 5], ["tagable_type", "Comment"]]
  [1m[35mUser Load (0.1ms)[0m  SELECT  "users".* FROM "users"  WHERE "users"."id" = ? LIMIT 1  [["id", 4]]
  [1m[36m (0.1ms)[0m  [1mSELECT COUNT(*) FROM "scores"  WHERE "scores"."topic_id" = ?[0m  [["topic_id", 5]]
  [1m[35mComment Load (0.1ms)[0m  SELECT "comments".* FROM "comments"  WHERE "comments"."topic_id" = ?  [["topic_id", 5]]
  [1m[36mTag Load (0.1ms)[0m  [1mSELECT "tags".* FROM "tags" INNER JOIN "tagations" ON "tags"."id" = "tagations"."tag_id" WHERE "tagations"."tagable_id" = ? AND "tagations"."tagable_type" = ?[0m  [["tagable_id", 5], ["tagable_type", "Topic"]]
  [1m[35mTag Load (0.1ms)[0m  SELECT "tags".* FROM "tags" INNER JOIN "tagations" ON "tags"."id" = "tagations"."tag_id" WHERE "tagations"."tagable_id" = ? AND "tagations"."tagable_type" = ?  [["tagable_id", 1], ["tagable_type", "Comment"]]
  [1m[36mUser Load (0.1ms)[0m  [1mSELECT  "users".* FROM "users"  WHERE "users"."id" = ? LIMIT 1[0m  [["id", 5]]
  [1m[35m (0.1ms)[0m  SELECT COUNT(*) FROM "scores"  WHERE "scores"."topic_id" = ?  [["topic_id", 4]]
  [1m[36mComment Load (0.1ms)[0m  [1mSELECT "comments".* FROM "comments"  WHERE "comments"."topic_id" = ?[0m  [["topic_id", 4]]
  [1m[35mTag Load (0.1ms)[0m  SELECT "tags".* FROM "tags" INNER JOIN "tagations" ON "tags"."id" = "tagations"."tag_id" WHERE "tagations"."tagable_id" = ? AND "tagations"."tagable_type" = ?  [["tagable_id", 4], ["tagable_type", "Topic"]]
  [1m[36mTag Load (0.1ms)[0m  [1mSELECT "tags".* FROM "tags" INNER JOIN "tagations" ON "tags"."id" = "tagations"."tag_id" WHERE "tagations"."tagable_id" = ? AND "tagations"."tagable_type" = ?[0m  [["tagable_id", 10], ["tagable_type", "Comment"]]
  [1m[35mCACHE (0.0ms)[0m  SELECT  "users".* FROM "users"  WHERE "users"."id" = ? LIMIT 1  [["id", 8]]
  [1m[36m (0.1ms)[0m  [1mSELECT COUNT(*) FROM "scores"  WHERE "scores"."topic_id" = ?[0m  [["topic_id", 3]]
  [1m[35mComment Load (0.1ms)[0m  SELECT "comments".* FROM "comments"  WHERE "comments"."topic_id" = ?  [["topic_id", 3]]
  [1m[36mTag Load (0.1ms)[0m  [1mSELECT "tags".* FROM "tags" INNER JOIN "tagations" ON "tags"."id" = "tagations"."tag_id" WHERE "tagations"."tagable_id" = ? AND "tagations"."tagable_type" = ?[0m  [["tagable_id", 3], ["tagable_type", "Topic"]]
  [1m[35mCACHE (0.0ms)[0m  SELECT  "users".* FROM "users"  WHERE "users"."id" = ? LIMIT 1  [["id", 8]]
  [1m[36m (0.2ms)[0m  [1mSELECT COUNT(*) FROM "scores"  WHERE "scores"."topic_id" = ?[0m  [["topic_id", 2]]
  [1m[35mComment Load (0.1ms)[0m  SELECT "comments".* FROM "comments"  WHERE "comments"."topic_id" = ?  [["topic_id", 2]]
  [1m[36mTag Load (0.2ms)[0m  [1mSELECT "tags".* FROM "tags" INNER JOIN "tagations" ON "tags"."id" = "tagations"."tag_id" WHERE "tagations"."tagable_id" = ? AND "tagations"."tagable_type" = ?[0m  [["tagable_id", 2], ["tagable_type", "Topic"]]
  [1m[35mUser Load (0.2ms)[0m  SELECT  "users".* FROM "users"  WHERE "users"."id" = ? LIMIT 1  [["id", 6]]
  [1m[36m (0.2ms)[0m  [1mSELECT COUNT(*) FROM "scores"  WHERE "scores"."topic_id" = ?[0m  [["topic_id", 1]]
  [1m[35mComment Load (0.2ms)[0m  SELECT "comments".* FROM "comments"  WHERE "comments"."topic_id" = ?  [["topic_id", 1]]
  [1m[36mTag Load (0.2ms)[0m  [1mSELECT "tags".* FROM "tags" INNER JOIN "tagations" ON "tags"."id" = "tagations"."tag_id" WHERE "tagations"."tagable_id" = ? AND "tagations"."tagable_type" = ?[0m  [["tagable_id", 1], ["tagable_type", "Topic"]]
  [1m[35mTag Load (0.2ms)[0m  SELECT "tags".* FROM "tags" INNER JOIN "tagations" ON "tags"."id" = "tagations"."tag_id" WHERE "tagations"."tagable_id" = ? AND "tagations"."tagable_type" = ?  [["tagable_id", 2], ["tagable_type", "Comment"]]
  Rendered topics/index.html.erb within layouts/application (130.0ms)
Completed 200 OK in 144ms (Views: 130.5ms | ActiveRecord: 11.1ms)
